{"C:\\Users\\Leonardo de Oliveira\\Facul\\Luiz\\SchoolManager\\frontend\\src\\hooks\\useDatePeriod.js": {"path":"C:\\Users\\Leonardo de Oliveira\\Facul\\Luiz\\SchoolManager\\frontend\\src\\hooks\\useDatePeriod.js","statementMap":{"0":{"start":{"line":26,"column":20},"end":{"line":29,"column":1}},"1":{"start":{"line":48,"column":39},"end":{"line":48,"column":66}},"2":{"start":{"line":48,"column":55},"end":{"line":48,"column":65}},"3":{"start":{"line":54,"column":1},"end":{"line":58,"column":30}},"4":{"start":{"line":55,"column":4},"end":{"line":57,"column":5}},"5":{"start":{"line":56,"column":6},"end":{"line":56,"column":28}},"6":{"start":{"line":66,"column":24},"end":{"line":72,"column":19}},"7":{"start":{"line":67,"column":16},"end":{"line":67,"column":26}},"8":{"start":{"line":68,"column":4},"end":{"line":71,"column":6}},"9":{"start":{"line":81,"column":26},"end":{"line":91,"column":35}},"10":{"start":{"line":82,"column":4},"end":{"line":82,"column":37}},"11":{"start":{"line":82,"column":24},"end":{"line":82,"column":37}},"12":{"start":{"line":84,"column":16},"end":{"line":84,"column":26}},"13":{"start":{"line":85,"column":22},"end":{"line":85,"column":88}},"14":{"start":{"line":87,"column":4},"end":{"line":90,"column":6}},"15":{"start":{"line":99,"column":27},"end":{"line":104,"column":8}},"16":{"start":{"line":100,"column":4},"end":{"line":103,"column":7}},"17":{"start":{"line":101,"column":22},"end":{"line":101,"column":82}},"18":{"start":{"line":102,"column":6},"end":{"line":102,"column":21}},"19":{"start":{"line":113,"column":23},"end":{"line":120,"column":24}},"20":{"start":{"line":114,"column":4},"end":{"line":114,"column":34}},"21":{"start":{"line":114,"column":27},"end":{"line":114,"column":34}},"22":{"start":{"line":116,"column":4},"end":{"line":119,"column":7}},"23":{"start":{"line":117,"column":22},"end":{"line":117,"column":82}},"24":{"start":{"line":118,"column":6},"end":{"line":118,"column":21}},"25":{"start":{"line":128,"column":26},"end":{"line":130,"column":8}},"26":{"start":{"line":129,"column":4},"end":{"line":129,"column":31}},"27":{"start":{"line":136,"column":19},"end":{"line":138,"column":19}},"28":{"start":{"line":137,"column":4},"end":{"line":137,"column":47}},"29":{"start":{"line":144,"column":24},"end":{"line":146,"column":17}},"30":{"start":{"line":145,"column":4},"end":{"line":145,"column":37}},"31":{"start":{"line":152,"column":14},"end":{"line":154,"column":19}},"32":{"start":{"line":153,"column":4},"end":{"line":153,"column":37}},"33":{"start":{"line":157,"column":2},"end":{"line":172,"column":4}}},"fnMap":{"0":{"name":"useDatePeriod","decl":{"start":{"line":47,"column":16},"end":{"line":47,"column":29}},"loc":{"start":{"line":47,"column":40},"end":{"line":173,"column":1}},"line":47},"1":{"name":"(anonymous_1)","decl":{"start":{"line":48,"column":49},"end":{"line":48,"column":50}},"loc":{"start":{"line":48,"column":55},"end":{"line":48,"column":65}},"line":48},"2":{"name":"(anonymous_2)","decl":{"start":{"line":54,"column":12},"end":{"line":54,"column":13}},"loc":{"start":{"line":54,"column":18},"end":{"line":58,"column":3}},"line":54},"3":{"name":"(anonymous_3)","decl":{"start":{"line":66,"column":33},"end":{"line":66,"column":34}},"loc":{"start":{"line":66,"column":39},"end":{"line":72,"column":3}},"line":66},"4":{"name":"(anonymous_4)","decl":{"start":{"line":81,"column":35},"end":{"line":81,"column":36}},"loc":{"start":{"line":81,"column":41},"end":{"line":91,"column":3}},"line":81},"5":{"name":"(anonymous_5)","decl":{"start":{"line":99,"column":40},"end":{"line":99,"column":41}},"loc":{"start":{"line":99,"column":46},"end":{"line":104,"column":3}},"line":99},"6":{"name":"(anonymous_6)","decl":{"start":{"line":100,"column":19},"end":{"line":100,"column":27}},"loc":{"start":{"line":100,"column":31},"end":{"line":103,"column":5}},"line":100},"7":{"name":"(anonymous_7)","decl":{"start":{"line":113,"column":36},"end":{"line":113,"column":37}},"loc":{"start":{"line":113,"column":42},"end":{"line":120,"column":3}},"line":113},"8":{"name":"(anonymous_8)","decl":{"start":{"line":116,"column":19},"end":{"line":116,"column":27}},"loc":{"start":{"line":116,"column":31},"end":{"line":119,"column":5}},"line":116},"9":{"name":"(anonymous_9)","decl":{"start":{"line":128,"column":39},"end":{"line":128,"column":40}},"loc":{"start":{"line":128,"column":45},"end":{"line":130,"column":3}},"line":128},"10":{"name":"(anonymous_10)","decl":{"start":{"line":136,"column":28},"end":{"line":136,"column":29}},"loc":{"start":{"line":136,"column":34},"end":{"line":138,"column":3}},"line":136},"11":{"name":"(anonymous_11)","decl":{"start":{"line":144,"column":33},"end":{"line":144,"column":34}},"loc":{"start":{"line":144,"column":39},"end":{"line":146,"column":3}},"line":144},"12":{"name":"(anonymous_12)","decl":{"start":{"line":152,"column":23},"end":{"line":152,"column":24}},"loc":{"start":{"line":152,"column":29},"end":{"line":154,"column":3}},"line":152}},"branchMap":{"0":{"loc":{"start":{"line":55,"column":4},"end":{"line":57,"column":5}},"type":"if","locations":[{"start":{"line":55,"column":4},"end":{"line":57,"column":5}},{"start":{},"end":{}}],"line":55},"1":{"loc":{"start":{"line":55,"column":8},"end":{"line":55,"column":50}},"type":"binary-expr","locations":[{"start":{"line":55,"column":8},"end":{"line":55,"column":16}},{"start":{"line":55,"column":20},"end":{"line":55,"column":50}}],"line":55},"2":{"loc":{"start":{"line":69,"column":6},"end":{"line":70,"column":53}},"type":"binary-expr","locations":[{"start":{"line":69,"column":6},"end":{"line":69,"column":47}},{"start":{"line":70,"column":6},"end":{"line":70,"column":53}}],"line":69},"3":{"loc":{"start":{"line":82,"column":4},"end":{"line":82,"column":37}},"type":"if","locations":[{"start":{"line":82,"column":4},"end":{"line":82,"column":37}},{"start":{},"end":{}}],"line":82},"4":{"loc":{"start":{"line":88,"column":6},"end":{"line":89,"column":95}},"type":"binary-expr","locations":[{"start":{"line":88,"column":6},"end":{"line":88,"column":49}},{"start":{"line":89,"column":7},"end":{"line":89,"column":52}},{"start":{"line":89,"column":56},"end":{"line":89,"column":94}}],"line":88},"5":{"loc":{"start":{"line":114,"column":4},"end":{"line":114,"column":34}},"type":"if","locations":[{"start":{"line":114,"column":4},"end":{"line":114,"column":34}},{"start":{},"end":{}}],"line":114}},"s":{"0":1,"1":25,"2":16,"3":25,"4":25,"5":10,"6":25,"7":25,"8":25,"9":25,"10":25,"11":19,"12":6,"13":6,"14":6,"15":25,"16":7,"17":7,"18":7,"19":25,"20":3,"21":1,"22":2,"23":2,"24":2,"25":25,"26":1,"27":25,"28":25,"29":25,"30":25,"31":25,"32":25,"33":25},"f":{"0":25,"1":16,"2":25,"3":25,"4":25,"5":7,"6":7,"7":3,"8":2,"9":1,"10":25,"11":25,"12":25},"b":{"0":[10,15],"1":[25,10],"2":[25,19],"3":[19,6],"4":[6,6,6],"5":[1,2]},"meta":{"lastBranch":6,"lastFunction":13,"lastStatement":34,"seen":{"s:26:20:29:1":0,"f:47:16:47:29":0,"s:48:39:48:66":1,"f:48:49:48:50":1,"s:48:55:48:65":2,"s:54:1:58:30":3,"f:54:12:54:13":2,"b:55:4:57:5:undefined:undefined:undefined:undefined":0,"s:55:4:57:5":4,"b:55:8:55:16:55:20:55:50":1,"s:56:6:56:28":5,"s:66:24:72:19":6,"f:66:33:66:34":3,"s:67:16:67:26":7,"s:68:4:71:6":8,"b:69:6:69:47:70:6:70:53":2,"s:81:26:91:35":9,"f:81:35:81:36":4,"b:82:4:82:37:undefined:undefined:undefined:undefined":3,"s:82:4:82:37":10,"s:82:24:82:37":11,"s:84:16:84:26":12,"s:85:22:85:88":13,"s:87:4:90:6":14,"b:88:6:88:49:89:7:89:52:89:56:89:94":4,"s:99:27:104:8":15,"f:99:40:99:41":5,"s:100:4:103:7":16,"f:100:19:100:27":6,"s:101:22:101:82":17,"s:102:6:102:21":18,"s:113:23:120:24":19,"f:113:36:113:37":7,"b:114:4:114:34:undefined:undefined:undefined:undefined":5,"s:114:4:114:34":20,"s:114:27:114:34":21,"s:116:4:119:7":22,"f:116:19:116:27":8,"s:117:22:117:82":23,"s:118:6:118:21":24,"s:128:26:130:8":25,"f:128:39:128:40":9,"s:129:4:129:31":26,"s:136:19:138:19":27,"f:136:28:136:29":10,"s:137:4:137:47":28,"s:144:24:146:17":29,"f:144:33:144:34":11,"s:145:4:145:37":30,"s:152:14:154:19":31,"f:152:23:152:24":12,"s:153:4:153:37":32,"s:157:2:172:4":33}}}
}
